2014-09-30 21:36:18 Error: Fatal Error (1): Call to a member function find() on a non-object in [/var/www/books/app/Controller/BooksController.php, line 19]
2014-09-30 21:36:18 Error: [FatalErrorException] Call to a member function find() on a non-object
Request URL: /books/
Stack Trace:
#0 /var/www/books/lib/Cake/Error/ErrorHandler.php(203): ErrorHandler::handleFatalError(1, 'Call to a membe...', '/var/www/books/...', 19)
#1 [internal function]: ErrorHandler::handleError(1, 'Call to a membe...', '/var/www/books/...', 19, Array)
#2 /var/www/books/lib/Cake/Core/App.php(931): call_user_func('ErrorHandler::h...', 1, 'Call to a membe...', '/var/www/books/...', 19, Array)
#3 /var/www/books/lib/Cake/Core/App.php(904): App::_checkFatalError()
#4 [internal function]: App::shutdown()
#5 {main}
2014-09-30 21:36:19 Error: Fatal Error (1): Call to a member function find() on a non-object in [/var/www/books/app/Controller/BooksController.php, line 19]
2014-09-30 21:36:19 Error: [FatalErrorException] Call to a member function find() on a non-object
Request URL: /books/
Stack Trace:
#0 /var/www/books/lib/Cake/Error/ErrorHandler.php(203): ErrorHandler::handleFatalError(1, 'Call to a membe...', '/var/www/books/...', 19)
#1 [internal function]: ErrorHandler::handleError(1, 'Call to a membe...', '/var/www/books/...', 19, Array)
#2 /var/www/books/lib/Cake/Core/App.php(931): call_user_func('ErrorHandler::h...', 1, 'Call to a membe...', '/var/www/books/...', 19, Array)
#3 /var/www/books/lib/Cake/Core/App.php(904): App::_checkFatalError()
#4 [internal function]: App::shutdown()
#5 {main}
2014-09-30 21:36:20 Error: Fatal Error (1): Call to a member function find() on a non-object in [/var/www/books/app/Controller/BooksController.php, line 19]
2014-09-30 21:36:20 Error: [FatalErrorException] Call to a member function find() on a non-object
Request URL: /books/
Stack Trace:
#0 /var/www/books/lib/Cake/Error/ErrorHandler.php(203): ErrorHandler::handleFatalError(1, 'Call to a membe...', '/var/www/books/...', 19)
#1 [internal function]: ErrorHandler::handleError(1, 'Call to a membe...', '/var/www/books/...', 19, Array)
#2 /var/www/books/lib/Cake/Core/App.php(931): call_user_func('ErrorHandler::h...', 1, 'Call to a membe...', '/var/www/books/...', 19, Array)
#3 /var/www/books/lib/Cake/Core/App.php(904): App::_checkFatalError()
#4 [internal function]: App::shutdown()
#5 {main}
2014-09-30 21:36:21 Error: Fatal Error (1): Call to a member function find() on a non-object in [/var/www/books/app/Controller/BooksController.php, line 19]
2014-09-30 21:36:21 Error: [FatalErrorException] Call to a member function find() on a non-object
Request URL: /books/
Stack Trace:
#0 /var/www/books/lib/Cake/Error/ErrorHandler.php(203): ErrorHandler::handleFatalError(1, 'Call to a membe...', '/var/www/books/...', 19)
#1 [internal function]: ErrorHandler::handleError(1, 'Call to a membe...', '/var/www/books/...', 19, Array)
#2 /var/www/books/lib/Cake/Core/App.php(931): call_user_func('ErrorHandler::h...', 1, 'Call to a membe...', '/var/www/books/...', 19, Array)
#3 /var/www/books/lib/Cake/Core/App.php(904): App::_checkFatalError()
#4 [internal function]: App::shutdown()
#5 {main}
2014-09-30 21:36:59 Error: Fatal Error (1): Call to a member function find() on a non-object in [/var/www/books/app/Controller/BooksController.php, line 19]
2014-09-30 21:36:59 Error: [FatalErrorException] Call to a member function find() on a non-object
Request URL: /books/
Stack Trace:
#0 /var/www/books/lib/Cake/Error/ErrorHandler.php(203): ErrorHandler::handleFatalError(1, 'Call to a membe...', '/var/www/books/...', 19)
#1 [internal function]: ErrorHandler::handleError(1, 'Call to a membe...', '/var/www/books/...', 19, Array)
#2 /var/www/books/lib/Cake/Core/App.php(931): call_user_func('ErrorHandler::h...', 1, 'Call to a membe...', '/var/www/books/...', 19, Array)
#3 /var/www/books/lib/Cake/Core/App.php(904): App::_checkFatalError()
#4 [internal function]: App::shutdown()
#5 {main}
2014-09-30 21:37:00 Error: Fatal Error (1): Call to a member function find() on a non-object in [/var/www/books/app/Controller/BooksController.php, line 19]
2014-09-30 21:37:00 Error: [FatalErrorException] Call to a member function find() on a non-object
Request URL: /books/
Stack Trace:
#0 /var/www/books/lib/Cake/Error/ErrorHandler.php(203): ErrorHandler::handleFatalError(1, 'Call to a membe...', '/var/www/books/...', 19)
#1 [internal function]: ErrorHandler::handleError(1, 'Call to a membe...', '/var/www/books/...', 19, Array)
#2 /var/www/books/lib/Cake/Core/App.php(931): call_user_func('ErrorHandler::h...', 1, 'Call to a membe...', '/var/www/books/...', 19, Array)
#3 /var/www/books/lib/Cake/Core/App.php(904): App::_checkFatalError()
#4 [internal function]: App::shutdown()
#5 {main}
2014-09-30 21:37:00 Error: Fatal Error (1): Call to a member function find() on a non-object in [/var/www/books/app/Controller/BooksController.php, line 19]
2014-09-30 21:37:00 Error: [FatalErrorException] Call to a member function find() on a non-object
Request URL: /books/
Stack Trace:
#0 /var/www/books/lib/Cake/Error/ErrorHandler.php(203): ErrorHandler::handleFatalError(1, 'Call to a membe...', '/var/www/books/...', 19)
#1 [internal function]: ErrorHandler::handleError(1, 'Call to a membe...', '/var/www/books/...', 19, Array)
#2 /var/www/books/lib/Cake/Core/App.php(931): call_user_func('ErrorHandler::h...', 1, 'Call to a membe...', '/var/www/books/...', 19, Array)
#3 /var/www/books/lib/Cake/Core/App.php(904): App::_checkFatalError()
#4 [internal function]: App::shutdown()
#5 {main}
2014-09-30 21:37:00 Error: Fatal Error (1): Call to a member function find() on a non-object in [/var/www/books/app/Controller/BooksController.php, line 19]
2014-09-30 21:37:00 Error: [FatalErrorException] Call to a member function find() on a non-object
Request URL: /books/
Stack Trace:
#0 /var/www/books/lib/Cake/Error/ErrorHandler.php(203): ErrorHandler::handleFatalError(1, 'Call to a membe...', '/var/www/books/...', 19)
#1 [internal function]: ErrorHandler::handleError(1, 'Call to a membe...', '/var/www/books/...', 19, Array)
#2 /var/www/books/lib/Cake/Core/App.php(931): call_user_func('ErrorHandler::h...', 1, 'Call to a membe...', '/var/www/books/...', 19, Array)
#3 /var/www/books/lib/Cake/Core/App.php(904): App::_checkFatalError()
#4 [internal function]: App::shutdown()
#5 {main}
2014-09-30 21:37:52 Error: Fatal Error (1): Call to a member function find() on a non-object in [/var/www/books/app/Controller/BooksController.php, line 19]
2014-09-30 21:37:52 Error: [FatalErrorException] Call to a member function find() on a non-object
Request URL: /books/
Stack Trace:
#0 /var/www/books/lib/Cake/Error/ErrorHandler.php(203): ErrorHandler::handleFatalError(1, 'Call to a membe...', '/var/www/books/...', 19)
#1 [internal function]: ErrorHandler::handleError(1, 'Call to a membe...', '/var/www/books/...', 19, Array)
#2 /var/www/books/lib/Cake/Core/App.php(931): call_user_func('ErrorHandler::h...', 1, 'Call to a membe...', '/var/www/books/...', 19, Array)
#3 /var/www/books/lib/Cake/Core/App.php(904): App::_checkFatalError()
#4 [internal function]: App::shutdown()
#5 {main}
2014-09-30 21:37:53 Error: Fatal Error (1): Call to a member function find() on a non-object in [/var/www/books/app/Controller/BooksController.php, line 19]
2014-09-30 21:37:53 Error: [FatalErrorException] Call to a member function find() on a non-object
Request URL: /books/
Stack Trace:
#0 /var/www/books/lib/Cake/Error/ErrorHandler.php(203): ErrorHandler::handleFatalError(1, 'Call to a membe...', '/var/www/books/...', 19)
#1 [internal function]: ErrorHandler::handleError(1, 'Call to a membe...', '/var/www/books/...', 19, Array)
#2 /var/www/books/lib/Cake/Core/App.php(931): call_user_func('ErrorHandler::h...', 1, 'Call to a membe...', '/var/www/books/...', 19, Array)
#3 /var/www/books/lib/Cake/Core/App.php(904): App::_checkFatalError()
#4 [internal function]: App::shutdown()
#5 {main}
2014-09-30 21:37:53 Error: Fatal Error (1): Call to a member function find() on a non-object in [/var/www/books/app/Controller/BooksController.php, line 19]
2014-09-30 21:37:53 Error: [FatalErrorException] Call to a member function find() on a non-object
Request URL: /books/
Stack Trace:
#0 /var/www/books/lib/Cake/Error/ErrorHandler.php(203): ErrorHandler::handleFatalError(1, 'Call to a membe...', '/var/www/books/...', 19)
#1 [internal function]: ErrorHandler::handleError(1, 'Call to a membe...', '/var/www/books/...', 19, Array)
#2 /var/www/books/lib/Cake/Core/App.php(931): call_user_func('ErrorHandler::h...', 1, 'Call to a membe...', '/var/www/books/...', 19, Array)
#3 /var/www/books/lib/Cake/Core/App.php(904): App::_checkFatalError()
#4 [internal function]: App::shutdown()
#5 {main}
2014-09-30 21:37:53 Error: Fatal Error (1): Call to a member function find() on a non-object in [/var/www/books/app/Controller/BooksController.php, line 19]
2014-09-30 21:37:53 Error: [FatalErrorException] Call to a member function find() on a non-object
Request URL: /books/
Stack Trace:
#0 /var/www/books/lib/Cake/Error/ErrorHandler.php(203): ErrorHandler::handleFatalError(1, 'Call to a membe...', '/var/www/books/...', 19)
#1 [internal function]: ErrorHandler::handleError(1, 'Call to a membe...', '/var/www/books/...', 19, Array)
#2 /var/www/books/lib/Cake/Core/App.php(931): call_user_func('ErrorHandler::h...', 1, 'Call to a membe...', '/var/www/books/...', 19, Array)
#3 /var/www/books/lib/Cake/Core/App.php(904): App::_checkFatalError()
#4 [internal function]: App::shutdown()
#5 {main}
2014-09-30 21:37:53 Error: Fatal Error (1): Call to a member function find() on a non-object in [/var/www/books/app/Controller/BooksController.php, line 19]
2014-09-30 21:37:53 Error: [FatalErrorException] Call to a member function find() on a non-object
Request URL: /books/
Stack Trace:
#0 /var/www/books/lib/Cake/Error/ErrorHandler.php(203): ErrorHandler::handleFatalError(1, 'Call to a membe...', '/var/www/books/...', 19)
#1 [internal function]: ErrorHandler::handleError(1, 'Call to a membe...', '/var/www/books/...', 19, Array)
#2 /var/www/books/lib/Cake/Core/App.php(931): call_user_func('ErrorHandler::h...', 1, 'Call to a membe...', '/var/www/books/...', 19, Array)
#3 /var/www/books/lib/Cake/Core/App.php(904): App::_checkFatalError()
#4 [internal function]: App::shutdown()
#5 {main}
2014-09-30 21:37:54 Error: Fatal Error (1): Call to a member function find() on a non-object in [/var/www/books/app/Controller/BooksController.php, line 19]
2014-09-30 21:37:54 Error: [FatalErrorException] Call to a member function find() on a non-object
Request URL: /books/
Stack Trace:
#0 /var/www/books/lib/Cake/Error/ErrorHandler.php(203): ErrorHandler::handleFatalError(1, 'Call to a membe...', '/var/www/books/...', 19)
#1 [internal function]: ErrorHandler::handleError(1, 'Call to a membe...', '/var/www/books/...', 19, Array)
#2 /var/www/books/lib/Cake/Core/App.php(931): call_user_func('ErrorHandler::h...', 1, 'Call to a membe...', '/var/www/books/...', 19, Array)
#3 /var/www/books/lib/Cake/Core/App.php(904): App::_checkFatalError()
#4 [internal function]: App::shutdown()
#5 {main}
2014-09-30 21:37:54 Error: Fatal Error (1): Call to a member function find() on a non-object in [/var/www/books/app/Controller/BooksController.php, line 19]
2014-09-30 21:37:54 Error: [FatalErrorException] Call to a member function find() on a non-object
Request URL: /books/
Stack Trace:
#0 /var/www/books/lib/Cake/Error/ErrorHandler.php(203): ErrorHandler::handleFatalError(1, 'Call to a membe...', '/var/www/books/...', 19)
#1 [internal function]: ErrorHandler::handleError(1, 'Call to a membe...', '/var/www/books/...', 19, Array)
#2 /var/www/books/lib/Cake/Core/App.php(931): call_user_func('ErrorHandler::h...', 1, 'Call to a membe...', '/var/www/books/...', 19, Array)
#3 /var/www/books/lib/Cake/Core/App.php(904): App::_checkFatalError()
#4 [internal function]: App::shutdown()
#5 {main}
2014-09-30 21:37:54 Error: Fatal Error (1): Call to a member function find() on a non-object in [/var/www/books/app/Controller/BooksController.php, line 19]
2014-09-30 21:37:54 Error: [FatalErrorException] Call to a member function find() on a non-object
Request URL: /books/
Stack Trace:
#0 /var/www/books/lib/Cake/Error/ErrorHandler.php(203): ErrorHandler::handleFatalError(1, 'Call to a membe...', '/var/www/books/...', 19)
#1 [internal function]: ErrorHandler::handleError(1, 'Call to a membe...', '/var/www/books/...', 19, Array)
#2 /var/www/books/lib/Cake/Core/App.php(931): call_user_func('ErrorHandler::h...', 1, 'Call to a membe...', '/var/www/books/...', 19, Array)
#3 /var/www/books/lib/Cake/Core/App.php(904): App::_checkFatalError()
#4 [internal function]: App::shutdown()
#5 {main}
2014-09-30 21:38:19 Error: Fatal Error (1): Call to a member function find() on a non-object in [/var/www/books/app/Controller/BookController.php, line 19]
2014-09-30 21:38:19 Error: [FatalErrorException] Call to a member function find() on a non-object
Request URL: /books/
Stack Trace:
#0 /var/www/books/lib/Cake/Error/ErrorHandler.php(203): ErrorHandler::handleFatalError(1, 'Call to a membe...', '/var/www/books/...', 19)
#1 [internal function]: ErrorHandler::handleError(1, 'Call to a membe...', '/var/www/books/...', 19, Array)
#2 /var/www/books/lib/Cake/Core/App.php(931): call_user_func('ErrorHandler::h...', 1, 'Call to a membe...', '/var/www/books/...', 19, Array)
#3 /var/www/books/lib/Cake/Core/App.php(904): App::_checkFatalError()
#4 [internal function]: App::shutdown()
#5 {main}
2014-09-30 21:38:20 Error: Fatal Error (1): Call to a member function find() on a non-object in [/var/www/books/app/Controller/BookController.php, line 19]
2014-09-30 21:38:20 Error: [FatalErrorException] Call to a member function find() on a non-object
Request URL: /books/
Stack Trace:
#0 /var/www/books/lib/Cake/Error/ErrorHandler.php(203): ErrorHandler::handleFatalError(1, 'Call to a membe...', '/var/www/books/...', 19)
#1 [internal function]: ErrorHandler::handleError(1, 'Call to a membe...', '/var/www/books/...', 19, Array)
#2 /var/www/books/lib/Cake/Core/App.php(931): call_user_func('ErrorHandler::h...', 1, 'Call to a membe...', '/var/www/books/...', 19, Array)
#3 /var/www/books/lib/Cake/Core/App.php(904): App::_checkFatalError()
#4 [internal function]: App::shutdown()
#5 {main}
2014-09-30 21:38:21 Error: Fatal Error (1): Call to a member function find() on a non-object in [/var/www/books/app/Controller/BookController.php, line 19]
2014-09-30 21:38:21 Error: [FatalErrorException] Call to a member function find() on a non-object
Request URL: /books/
Stack Trace:
#0 /var/www/books/lib/Cake/Error/ErrorHandler.php(203): ErrorHandler::handleFatalError(1, 'Call to a membe...', '/var/www/books/...', 19)
#1 [internal function]: ErrorHandler::handleError(1, 'Call to a membe...', '/var/www/books/...', 19, Array)
#2 /var/www/books/lib/Cake/Core/App.php(931): call_user_func('ErrorHandler::h...', 1, 'Call to a membe...', '/var/www/books/...', 19, Array)
#3 /var/www/books/lib/Cake/Core/App.php(904): App::_checkFatalError()
#4 [internal function]: App::shutdown()
#5 {main}
2014-09-30 21:38:22 Error: Fatal Error (1): Call to a member function find() on a non-object in [/var/www/books/app/Controller/BookController.php, line 19]
2014-09-30 21:38:22 Error: [FatalErrorException] Call to a member function find() on a non-object
Request URL: /books/
Stack Trace:
#0 /var/www/books/lib/Cake/Error/ErrorHandler.php(203): ErrorHandler::handleFatalError(1, 'Call to a membe...', '/var/www/books/...', 19)
#1 [internal function]: ErrorHandler::handleError(1, 'Call to a membe...', '/var/www/books/...', 19, Array)
#2 /var/www/books/lib/Cake/Core/App.php(931): call_user_func('ErrorHandler::h...', 1, 'Call to a membe...', '/var/www/books/...', 19, Array)
#3 /var/www/books/lib/Cake/Core/App.php(904): App::_checkFatalError()
#4 [internal function]: App::shutdown()
#5 {main}
2014-09-30 21:38:35 Error: [MissingTableException] Table books for model Book was not found in datasource default.
Exception Attributes: array (
  'table' => 'books',
  'class' => 'Book',
  'ds' => 'default',
)
Request URL: /books/
Stack Trace:
#0 /var/www/books/lib/Cake/Model/Model.php(3551): Model->setSource('books')
#1 /var/www/books/lib/Cake/Model/Model.php(2947): Model->getDataSource()
#2 /var/www/books/lib/Cake/Model/Model.php(2919): Model->_readDataSource('all', Array)
#3 /var/www/books/app/Controller/BookController.php(19): Model->find('all')
#4 [internal function]: BookController->index('home')
#5 /var/www/books/lib/Cake/Controller/Controller.php(490): ReflectionMethod->invokeArgs(Object(BookController), Array)
#6 /var/www/books/lib/Cake/Routing/Dispatcher.php(191): Controller->invokeAction(Object(CakeRequest))
#7 /var/www/books/lib/Cake/Routing/Dispatcher.php(165): Dispatcher->_invoke(Object(BookController), Object(CakeRequest))
#8 /var/www/books/app/webroot/index.php(108): Dispatcher->dispatch(Object(CakeRequest), Object(CakeResponse))
#9 {main}
2014-09-30 21:38:36 Error: [MissingTableException] Table books for model Book was not found in datasource default.
Exception Attributes: array (
  'table' => 'books',
  'class' => 'Book',
  'ds' => 'default',
)
Request URL: /books/
Stack Trace:
#0 /var/www/books/lib/Cake/Model/Model.php(3551): Model->setSource('books')
#1 /var/www/books/lib/Cake/Model/Model.php(2947): Model->getDataSource()
#2 /var/www/books/lib/Cake/Model/Model.php(2919): Model->_readDataSource('all', Array)
#3 /var/www/books/app/Controller/BookController.php(19): Model->find('all')
#4 [internal function]: BookController->index('home')
#5 /var/www/books/lib/Cake/Controller/Controller.php(490): ReflectionMethod->invokeArgs(Object(BookController), Array)
#6 /var/www/books/lib/Cake/Routing/Dispatcher.php(191): Controller->invokeAction(Object(CakeRequest))
#7 /var/www/books/lib/Cake/Routing/Dispatcher.php(165): Dispatcher->_invoke(Object(BookController), Object(CakeRequest))
#8 /var/www/books/app/webroot/index.php(108): Dispatcher->dispatch(Object(CakeRequest), Object(CakeResponse))
#9 {main}
2014-09-30 21:38:37 Error: [MissingTableException] Table books for model Book was not found in datasource default.
Exception Attributes: array (
  'table' => 'books',
  'class' => 'Book',
  'ds' => 'default',
)
Request URL: /books/
Stack Trace:
#0 /var/www/books/lib/Cake/Model/Model.php(3551): Model->setSource('books')
#1 /var/www/books/lib/Cake/Model/Model.php(2947): Model->getDataSource()
#2 /var/www/books/lib/Cake/Model/Model.php(2919): Model->_readDataSource('all', Array)
#3 /var/www/books/app/Controller/BookController.php(19): Model->find('all')
#4 [internal function]: BookController->index('home')
#5 /var/www/books/lib/Cake/Controller/Controller.php(490): ReflectionMethod->invokeArgs(Object(BookController), Array)
#6 /var/www/books/lib/Cake/Routing/Dispatcher.php(191): Controller->invokeAction(Object(CakeRequest))
#7 /var/www/books/lib/Cake/Routing/Dispatcher.php(165): Dispatcher->_invoke(Object(BookController), Object(CakeRequest))
#8 /var/www/books/app/webroot/index.php(108): Dispatcher->dispatch(Object(CakeRequest), Object(CakeResponse))
#9 {main}
2014-09-30 21:43:02 Error: [MissingViewException] View file "/var/www/books/app/View/Book/index.ctp" is missing.
Exception Attributes: array (
  'file' => '/var/www/books/app/View/Book/index.ctp',
)
Request URL: /books/
Stack Trace:
#0 /var/www/books/lib/Cake/View/View.php(468): View->_getViewFileName(NULL)
#1 /var/www/books/lib/Cake/Controller/Controller.php(954): View->render(NULL, NULL)
#2 /var/www/books/lib/Cake/Routing/Dispatcher.php(198): Controller->render()
#3 /var/www/books/lib/Cake/Routing/Dispatcher.php(165): Dispatcher->_invoke(Object(BookController), Object(CakeRequest))
#4 /var/www/books/app/webroot/index.php(108): Dispatcher->dispatch(Object(CakeRequest), Object(CakeResponse))
#5 {main}
2014-09-30 21:43:03 Error: [MissingViewException] View file "/var/www/books/app/View/Book/index.ctp" is missing.
Exception Attributes: array (
  'file' => '/var/www/books/app/View/Book/index.ctp',
)
Request URL: /books/
Stack Trace:
#0 /var/www/books/lib/Cake/View/View.php(468): View->_getViewFileName(NULL)
#1 /var/www/books/lib/Cake/Controller/Controller.php(954): View->render(NULL, NULL)
#2 /var/www/books/lib/Cake/Routing/Dispatcher.php(198): Controller->render()
#3 /var/www/books/lib/Cake/Routing/Dispatcher.php(165): Dispatcher->_invoke(Object(BookController), Object(CakeRequest))
#4 /var/www/books/app/webroot/index.php(108): Dispatcher->dispatch(Object(CakeRequest), Object(CakeResponse))
#5 {main}
2014-10-01 23:12:47 Error: [PDOException] SQLSTATE[42S22]: Column not found: 1054 Unknown column 'Book.book_id' in 'on clause'
Request URL: /Books/
Stack Trace:
#0 /var/www/Books/lib/Cake/Model/Datasource/DboSource.php(458): PDOStatement->execute(Array)
#1 /var/www/Books/lib/Cake/Model/Datasource/DboSource.php(424): DboSource->_execute('SELECT `Book`.`...', Array)
#2 /var/www/Books/lib/Cake/Model/Datasource/DboSource.php(666): DboSource->execute('SELECT `Book`.`...', Array, Array)
#3 /var/www/Books/lib/Cake/Model/Datasource/DboSource.php(1106): DboSource->fetchAll('SELECT `Book`.`...', false)
#4 /var/www/Books/lib/Cake/Model/Model.php(2947): DboSource->read(Object(Book), Array)
#5 /var/www/Books/lib/Cake/Model/Model.php(2919): Model->_readDataSource('all', Array)
#6 /var/www/Books/app/Controller/BookController.php(19): Model->find('all')
#7 [internal function]: BookController->index('home')
#8 /var/www/Books/lib/Cake/Controller/Controller.php(490): ReflectionMethod->invokeArgs(Object(BookController), Array)
#9 /var/www/Books/lib/Cake/Routing/Dispatcher.php(191): Controller->invokeAction(Object(CakeRequest))
#10 /var/www/Books/lib/Cake/Routing/Dispatcher.php(165): Dispatcher->_invoke(Object(BookController), Object(CakeRequest))
#11 /var/www/Books/app/webroot/index.php(108): Dispatcher->dispatch(Object(CakeRequest), Object(CakeResponse))
#12 /var/www/Books/index.php(41): require('/var/www/Books/...')
#13 {main}
2014-10-01 23:12:48 Error: [PDOException] SQLSTATE[42S22]: Column not found: 1054 Unknown column 'Book.book_id' in 'on clause'
Request URL: /Books/
Stack Trace:
#0 /var/www/Books/lib/Cake/Model/Datasource/DboSource.php(458): PDOStatement->execute(Array)
#1 /var/www/Books/lib/Cake/Model/Datasource/DboSource.php(424): DboSource->_execute('SELECT `Book`.`...', Array)
#2 /var/www/Books/lib/Cake/Model/Datasource/DboSource.php(666): DboSource->execute('SELECT `Book`.`...', Array, Array)
#3 /var/www/Books/lib/Cake/Model/Datasource/DboSource.php(1106): DboSource->fetchAll('SELECT `Book`.`...', false)
#4 /var/www/Books/lib/Cake/Model/Model.php(2947): DboSource->read(Object(Book), Array)
#5 /var/www/Books/lib/Cake/Model/Model.php(2919): Model->_readDataSource('all', Array)
#6 /var/www/Books/app/Controller/BookController.php(19): Model->find('all')
#7 [internal function]: BookController->index('home')
#8 /var/www/Books/lib/Cake/Controller/Controller.php(490): ReflectionMethod->invokeArgs(Object(BookController), Array)
#9 /var/www/Books/lib/Cake/Routing/Dispatcher.php(191): Controller->invokeAction(Object(CakeRequest))
#10 /var/www/Books/lib/Cake/Routing/Dispatcher.php(165): Dispatcher->_invoke(Object(BookController), Object(CakeRequest))
#11 /var/www/Books/app/webroot/index.php(108): Dispatcher->dispatch(Object(CakeRequest), Object(CakeResponse))
#12 /var/www/Books/index.php(41): require('/var/www/Books/...')
#13 {main}
2014-10-01 23:13:11 Error: [PDOException] SQLSTATE[42S22]: Column not found: 1054 Unknown column 'Book.comment_id' in 'on clause'
Request URL: /Books/
Stack Trace:
#0 /var/www/Books/lib/Cake/Model/Datasource/DboSource.php(458): PDOStatement->execute(Array)
#1 /var/www/Books/lib/Cake/Model/Datasource/DboSource.php(424): DboSource->_execute('SELECT `Book`.`...', Array)
#2 /var/www/Books/lib/Cake/Model/Datasource/DboSource.php(666): DboSource->execute('SELECT `Book`.`...', Array, Array)
#3 /var/www/Books/lib/Cake/Model/Datasource/DboSource.php(1106): DboSource->fetchAll('SELECT `Book`.`...', false)
#4 /var/www/Books/lib/Cake/Model/Model.php(2947): DboSource->read(Object(Book), Array)
#5 /var/www/Books/lib/Cake/Model/Model.php(2919): Model->_readDataSource('all', Array)
#6 /var/www/Books/app/Controller/BookController.php(19): Model->find('all')
#7 [internal function]: BookController->index('home')
#8 /var/www/Books/lib/Cake/Controller/Controller.php(490): ReflectionMethod->invokeArgs(Object(BookController), Array)
#9 /var/www/Books/lib/Cake/Routing/Dispatcher.php(191): Controller->invokeAction(Object(CakeRequest))
#10 /var/www/Books/lib/Cake/Routing/Dispatcher.php(165): Dispatcher->_invoke(Object(BookController), Object(CakeRequest))
#11 /var/www/Books/app/webroot/index.php(108): Dispatcher->dispatch(Object(CakeRequest), Object(CakeResponse))
#12 /var/www/Books/index.php(41): require('/var/www/Books/...')
#13 {main}
2014-10-01 23:13:12 Error: [PDOException] SQLSTATE[42S22]: Column not found: 1054 Unknown column 'Book.comment_id' in 'on clause'
Request URL: /Books/
Stack Trace:
#0 /var/www/Books/lib/Cake/Model/Datasource/DboSource.php(458): PDOStatement->execute(Array)
#1 /var/www/Books/lib/Cake/Model/Datasource/DboSource.php(424): DboSource->_execute('SELECT `Book`.`...', Array)
#2 /var/www/Books/lib/Cake/Model/Datasource/DboSource.php(666): DboSource->execute('SELECT `Book`.`...', Array, Array)
#3 /var/www/Books/lib/Cake/Model/Datasource/DboSource.php(1106): DboSource->fetchAll('SELECT `Book`.`...', false)
#4 /var/www/Books/lib/Cake/Model/Model.php(2947): DboSource->read(Object(Book), Array)
#5 /var/www/Books/lib/Cake/Model/Model.php(2919): Model->_readDataSource('all', Array)
#6 /var/www/Books/app/Controller/BookController.php(19): Model->find('all')
#7 [internal function]: BookController->index('home')
#8 /var/www/Books/lib/Cake/Controller/Controller.php(490): ReflectionMethod->invokeArgs(Object(BookController), Array)
#9 /var/www/Books/lib/Cake/Routing/Dispatcher.php(191): Controller->invokeAction(Object(CakeRequest))
#10 /var/www/Books/lib/Cake/Routing/Dispatcher.php(165): Dispatcher->_invoke(Object(BookController), Object(CakeRequest))
#11 /var/www/Books/app/webroot/index.php(108): Dispatcher->dispatch(Object(CakeRequest), Object(CakeResponse))
#12 /var/www/Books/index.php(41): require('/var/www/Books/...')
#13 {main}
2014-10-01 23:14:53 Error: [PDOException] SQLSTATE[42S22]: Column not found: 1054 Unknown column 'Book.comment_id' in 'on clause'
Request URL: /Books/
Stack Trace:
#0 /var/www/Books/lib/Cake/Model/Datasource/DboSource.php(458): PDOStatement->execute(Array)
#1 /var/www/Books/lib/Cake/Model/Datasource/DboSource.php(424): DboSource->_execute('SELECT `Book`.`...', Array)
#2 /var/www/Books/lib/Cake/Model/Datasource/DboSource.php(666): DboSource->execute('SELECT `Book`.`...', Array, Array)
#3 /var/www/Books/lib/Cake/Model/Datasource/DboSource.php(1106): DboSource->fetchAll('SELECT `Book`.`...', false)
#4 /var/www/Books/lib/Cake/Model/Model.php(2947): DboSource->read(Object(Book), Array)
#5 /var/www/Books/lib/Cake/Model/Model.php(2919): Model->_readDataSource('all', Array)
#6 /var/www/Books/app/Controller/BookController.php(19): Model->find('all')
#7 [internal function]: BookController->index('home')
#8 /var/www/Books/lib/Cake/Controller/Controller.php(490): ReflectionMethod->invokeArgs(Object(BookController), Array)
#9 /var/www/Books/lib/Cake/Routing/Dispatcher.php(191): Controller->invokeAction(Object(CakeRequest))
#10 /var/www/Books/lib/Cake/Routing/Dispatcher.php(165): Dispatcher->_invoke(Object(BookController), Object(CakeRequest))
#11 /var/www/Books/app/webroot/index.php(108): Dispatcher->dispatch(Object(CakeRequest), Object(CakeResponse))
#12 /var/www/Books/index.php(41): require('/var/www/Books/...')
#13 {main}
2014-10-01 23:14:54 Error: [PDOException] SQLSTATE[42S22]: Column not found: 1054 Unknown column 'Book.comment_id' in 'on clause'
Request URL: /Books/
Stack Trace:
#0 /var/www/Books/lib/Cake/Model/Datasource/DboSource.php(458): PDOStatement->execute(Array)
#1 /var/www/Books/lib/Cake/Model/Datasource/DboSource.php(424): DboSource->_execute('SELECT `Book`.`...', Array)
#2 /var/www/Books/lib/Cake/Model/Datasource/DboSource.php(666): DboSource->execute('SELECT `Book`.`...', Array, Array)
#3 /var/www/Books/lib/Cake/Model/Datasource/DboSource.php(1106): DboSource->fetchAll('SELECT `Book`.`...', false)
#4 /var/www/Books/lib/Cake/Model/Model.php(2947): DboSource->read(Object(Book), Array)
#5 /var/www/Books/lib/Cake/Model/Model.php(2919): Model->_readDataSource('all', Array)
#6 /var/www/Books/app/Controller/BookController.php(19): Model->find('all')
#7 [internal function]: BookController->index('home')
#8 /var/www/Books/lib/Cake/Controller/Controller.php(490): ReflectionMethod->invokeArgs(Object(BookController), Array)
#9 /var/www/Books/lib/Cake/Routing/Dispatcher.php(191): Controller->invokeAction(Object(CakeRequest))
#10 /var/www/Books/lib/Cake/Routing/Dispatcher.php(165): Dispatcher->_invoke(Object(BookController), Object(CakeRequest))
#11 /var/www/Books/app/webroot/index.php(108): Dispatcher->dispatch(Object(CakeRequest), Object(CakeResponse))
#12 /var/www/Books/index.php(41): require('/var/www/Books/...')
#13 {main}
2014-10-01 23:14:54 Error: [PDOException] SQLSTATE[42S22]: Column not found: 1054 Unknown column 'Book.comment_id' in 'on clause'
Request URL: /Books/
Stack Trace:
#0 /var/www/Books/lib/Cake/Model/Datasource/DboSource.php(458): PDOStatement->execute(Array)
#1 /var/www/Books/lib/Cake/Model/Datasource/DboSource.php(424): DboSource->_execute('SELECT `Book`.`...', Array)
#2 /var/www/Books/lib/Cake/Model/Datasource/DboSource.php(666): DboSource->execute('SELECT `Book`.`...', Array, Array)
#3 /var/www/Books/lib/Cake/Model/Datasource/DboSource.php(1106): DboSource->fetchAll('SELECT `Book`.`...', false)
#4 /var/www/Books/lib/Cake/Model/Model.php(2947): DboSource->read(Object(Book), Array)
#5 /var/www/Books/lib/Cake/Model/Model.php(2919): Model->_readDataSource('all', Array)
#6 /var/www/Books/app/Controller/BookController.php(19): Model->find('all')
#7 [internal function]: BookController->index('home')
#8 /var/www/Books/lib/Cake/Controller/Controller.php(490): ReflectionMethod->invokeArgs(Object(BookController), Array)
#9 /var/www/Books/lib/Cake/Routing/Dispatcher.php(191): Controller->invokeAction(Object(CakeRequest))
#10 /var/www/Books/lib/Cake/Routing/Dispatcher.php(165): Dispatcher->_invoke(Object(BookController), Object(CakeRequest))
#11 /var/www/Books/app/webroot/index.php(108): Dispatcher->dispatch(Object(CakeRequest), Object(CakeResponse))
#12 /var/www/Books/index.php(41): require('/var/www/Books/...')
#13 {main}
2014-10-01 23:14:55 Error: [PDOException] SQLSTATE[42S22]: Column not found: 1054 Unknown column 'Book.comment_id' in 'on clause'
Request URL: /Books/
Stack Trace:
#0 /var/www/Books/lib/Cake/Model/Datasource/DboSource.php(458): PDOStatement->execute(Array)
#1 /var/www/Books/lib/Cake/Model/Datasource/DboSource.php(424): DboSource->_execute('SELECT `Book`.`...', Array)
#2 /var/www/Books/lib/Cake/Model/Datasource/DboSource.php(666): DboSource->execute('SELECT `Book`.`...', Array, Array)
#3 /var/www/Books/lib/Cake/Model/Datasource/DboSource.php(1106): DboSource->fetchAll('SELECT `Book`.`...', false)
#4 /var/www/Books/lib/Cake/Model/Model.php(2947): DboSource->read(Object(Book), Array)
#5 /var/www/Books/lib/Cake/Model/Model.php(2919): Model->_readDataSource('all', Array)
#6 /var/www/Books/app/Controller/BookController.php(19): Model->find('all')
#7 [internal function]: BookController->index('home')
#8 /var/www/Books/lib/Cake/Controller/Controller.php(490): ReflectionMethod->invokeArgs(Object(BookController), Array)
#9 /var/www/Books/lib/Cake/Routing/Dispatcher.php(191): Controller->invokeAction(Object(CakeRequest))
#10 /var/www/Books/lib/Cake/Routing/Dispatcher.php(165): Dispatcher->_invoke(Object(BookController), Object(CakeRequest))
#11 /var/www/Books/app/webroot/index.php(108): Dispatcher->dispatch(Object(CakeRequest), Object(CakeResponse))
#12 /var/www/Books/index.php(41): require('/var/www/Books/...')
#13 {main}
2014-10-01 23:14:55 Error: [PDOException] SQLSTATE[42S22]: Column not found: 1054 Unknown column 'Book.comment_id' in 'on clause'
Request URL: /Books/
Stack Trace:
#0 /var/www/Books/lib/Cake/Model/Datasource/DboSource.php(458): PDOStatement->execute(Array)
#1 /var/www/Books/lib/Cake/Model/Datasource/DboSource.php(424): DboSource->_execute('SELECT `Book`.`...', Array)
#2 /var/www/Books/lib/Cake/Model/Datasource/DboSource.php(666): DboSource->execute('SELECT `Book`.`...', Array, Array)
#3 /var/www/Books/lib/Cake/Model/Datasource/DboSource.php(1106): DboSource->fetchAll('SELECT `Book`.`...', false)
#4 /var/www/Books/lib/Cake/Model/Model.php(2947): DboSource->read(Object(Book), Array)
#5 /var/www/Books/lib/Cake/Model/Model.php(2919): Model->_readDataSource('all', Array)
#6 /var/www/Books/app/Controller/BookController.php(19): Model->find('all')
#7 [internal function]: BookController->index('home')
#8 /var/www/Books/lib/Cake/Controller/Controller.php(490): ReflectionMethod->invokeArgs(Object(BookController), Array)
#9 /var/www/Books/lib/Cake/Routing/Dispatcher.php(191): Controller->invokeAction(Object(CakeRequest))
#10 /var/www/Books/lib/Cake/Routing/Dispatcher.php(165): Dispatcher->_invoke(Object(BookController), Object(CakeRequest))
#11 /var/www/Books/app/webroot/index.php(108): Dispatcher->dispatch(Object(CakeRequest), Object(CakeResponse))
#12 /var/www/Books/index.php(41): require('/var/www/Books/...')
#13 {main}
2014-10-01 23:14:59 Error: [PDOException] SQLSTATE[42S22]: Column not found: 1054 Unknown column 'Book.comment_id' in 'on clause'
Request URL: /Books/
Stack Trace:
#0 /var/www/Books/lib/Cake/Model/Datasource/DboSource.php(458): PDOStatement->execute(Array)
#1 /var/www/Books/lib/Cake/Model/Datasource/DboSource.php(424): DboSource->_execute('SELECT `Book`.`...', Array)
#2 /var/www/Books/lib/Cake/Model/Datasource/DboSource.php(666): DboSource->execute('SELECT `Book`.`...', Array, Array)
#3 /var/www/Books/lib/Cake/Model/Datasource/DboSource.php(1106): DboSource->fetchAll('SELECT `Book`.`...', false)
#4 /var/www/Books/lib/Cake/Model/Model.php(2947): DboSource->read(Object(Book), Array)
#5 /var/www/Books/lib/Cake/Model/Model.php(2919): Model->_readDataSource('all', Array)
#6 /var/www/Books/app/Controller/BookController.php(19): Model->find('all')
#7 [internal function]: BookController->index('home')
#8 /var/www/Books/lib/Cake/Controller/Controller.php(490): ReflectionMethod->invokeArgs(Object(BookController), Array)
#9 /var/www/Books/lib/Cake/Routing/Dispatcher.php(191): Controller->invokeAction(Object(CakeRequest))
#10 /var/www/Books/lib/Cake/Routing/Dispatcher.php(165): Dispatcher->_invoke(Object(BookController), Object(CakeRequest))
#11 /var/www/Books/app/webroot/index.php(108): Dispatcher->dispatch(Object(CakeRequest), Object(CakeResponse))
#12 /var/www/Books/index.php(41): require('/var/www/Books/...')
#13 {main}
2014-10-01 23:15:00 Error: [PDOException] SQLSTATE[42S22]: Column not found: 1054 Unknown column 'Book.comment_id' in 'on clause'
Request URL: /Books/
Stack Trace:
#0 /var/www/Books/lib/Cake/Model/Datasource/DboSource.php(458): PDOStatement->execute(Array)
#1 /var/www/Books/lib/Cake/Model/Datasource/DboSource.php(424): DboSource->_execute('SELECT `Book`.`...', Array)
#2 /var/www/Books/lib/Cake/Model/Datasource/DboSource.php(666): DboSource->execute('SELECT `Book`.`...', Array, Array)
#3 /var/www/Books/lib/Cake/Model/Datasource/DboSource.php(1106): DboSource->fetchAll('SELECT `Book`.`...', false)
#4 /var/www/Books/lib/Cake/Model/Model.php(2947): DboSource->read(Object(Book), Array)
#5 /var/www/Books/lib/Cake/Model/Model.php(2919): Model->_readDataSource('all', Array)
#6 /var/www/Books/app/Controller/BookController.php(19): Model->find('all')
#7 [internal function]: BookController->index('home')
#8 /var/www/Books/lib/Cake/Controller/Controller.php(490): ReflectionMethod->invokeArgs(Object(BookController), Array)
#9 /var/www/Books/lib/Cake/Routing/Dispatcher.php(191): Controller->invokeAction(Object(CakeRequest))
#10 /var/www/Books/lib/Cake/Routing/Dispatcher.php(165): Dispatcher->_invoke(Object(BookController), Object(CakeRequest))
#11 /var/www/Books/app/webroot/index.php(108): Dispatcher->dispatch(Object(CakeRequest), Object(CakeResponse))
#12 /var/www/Books/index.php(41): require('/var/www/Books/...')
#13 {main}
2014-10-01 23:15:00 Error: [PDOException] SQLSTATE[42S22]: Column not found: 1054 Unknown column 'Book.comment_id' in 'on clause'
Request URL: /Books/
Stack Trace:
#0 /var/www/Books/lib/Cake/Model/Datasource/DboSource.php(458): PDOStatement->execute(Array)
#1 /var/www/Books/lib/Cake/Model/Datasource/DboSource.php(424): DboSource->_execute('SELECT `Book`.`...', Array)
#2 /var/www/Books/lib/Cake/Model/Datasource/DboSource.php(666): DboSource->execute('SELECT `Book`.`...', Array, Array)
#3 /var/www/Books/lib/Cake/Model/Datasource/DboSource.php(1106): DboSource->fetchAll('SELECT `Book`.`...', false)
#4 /var/www/Books/lib/Cake/Model/Model.php(2947): DboSource->read(Object(Book), Array)
#5 /var/www/Books/lib/Cake/Model/Model.php(2919): Model->_readDataSource('all', Array)
#6 /var/www/Books/app/Controller/BookController.php(19): Model->find('all')
#7 [internal function]: BookController->index('home')
#8 /var/www/Books/lib/Cake/Controller/Controller.php(490): ReflectionMethod->invokeArgs(Object(BookController), Array)
#9 /var/www/Books/lib/Cake/Routing/Dispatcher.php(191): Controller->invokeAction(Object(CakeRequest))
#10 /var/www/Books/lib/Cake/Routing/Dispatcher.php(165): Dispatcher->_invoke(Object(BookController), Object(CakeRequest))
#11 /var/www/Books/app/webroot/index.php(108): Dispatcher->dispatch(Object(CakeRequest), Object(CakeResponse))
#12 /var/www/Books/index.php(41): require('/var/www/Books/...')
#13 {main}
2014-10-01 23:15:01 Error: [PDOException] SQLSTATE[42S22]: Column not found: 1054 Unknown column 'Book.comment_id' in 'on clause'
Request URL: /Books/
Stack Trace:
#0 /var/www/Books/lib/Cake/Model/Datasource/DboSource.php(458): PDOStatement->execute(Array)
#1 /var/www/Books/lib/Cake/Model/Datasource/DboSource.php(424): DboSource->_execute('SELECT `Book`.`...', Array)
#2 /var/www/Books/lib/Cake/Model/Datasource/DboSource.php(666): DboSource->execute('SELECT `Book`.`...', Array, Array)
#3 /var/www/Books/lib/Cake/Model/Datasource/DboSource.php(1106): DboSource->fetchAll('SELECT `Book`.`...', false)
#4 /var/www/Books/lib/Cake/Model/Model.php(2947): DboSource->read(Object(Book), Array)
#5 /var/www/Books/lib/Cake/Model/Model.php(2919): Model->_readDataSource('all', Array)
#6 /var/www/Books/app/Controller/BookController.php(19): Model->find('all')
#7 [internal function]: BookController->index('home')
#8 /var/www/Books/lib/Cake/Controller/Controller.php(490): ReflectionMethod->invokeArgs(Object(BookController), Array)
#9 /var/www/Books/lib/Cake/Routing/Dispatcher.php(191): Controller->invokeAction(Object(CakeRequest))
#10 /var/www/Books/lib/Cake/Routing/Dispatcher.php(165): Dispatcher->_invoke(Object(BookController), Object(CakeRequest))
#11 /var/www/Books/app/webroot/index.php(108): Dispatcher->dispatch(Object(CakeRequest), Object(CakeResponse))
#12 /var/www/Books/index.php(41): require('/var/www/Books/...')
#13 {main}
2014-10-01 23:19:21 Error: [PDOException] SQLSTATE[42S22]: Column not found: 1054 Unknown column 'Publisher.book_id' in 'field list'
Request URL: /Books/
Stack Trace:
#0 /var/www/Books/lib/Cake/Model/Datasource/DboSource.php(458): PDOStatement->execute(Array)
#1 /var/www/Books/lib/Cake/Model/Datasource/DboSource.php(424): DboSource->_execute('SELECT `Publish...', Array)
#2 /var/www/Books/lib/Cake/Model/Datasource/DboSource.php(666): DboSource->execute('SELECT `Publish...', Array, Array)
#3 /var/www/Books/lib/Cake/Model/Datasource/DboSource.php(1418): DboSource->fetchAll('SELECT `Publish...', false)
#4 /var/www/Books/lib/Cake/Model/Datasource/DboSource.php(1254): DboSource->_fetchHasMany(Object(Book), 'SELECT `Publish...', Array)
#5 /var/www/Books/lib/Cake/Model/Datasource/DboSource.php(1137): DboSource->queryAssociation(Object(Book), Object(AppModel), 'hasMany', 'Publisher', Array, Array, true, Array, 0, Array)
#6 /var/www/Books/lib/Cake/Model/Model.php(2947): DboSource->read(Object(Book), Array)
#7 /var/www/Books/lib/Cake/Model/Model.php(2919): Model->_readDataSource('all', Array)
#8 /var/www/Books/app/Controller/BookController.php(19): Model->find('all')
#9 [internal function]: BookController->index('home')
#10 /var/www/Books/lib/Cake/Controller/Controller.php(490): ReflectionMethod->invokeArgs(Object(BookController), Array)
#11 /var/www/Books/lib/Cake/Routing/Dispatcher.php(191): Controller->invokeAction(Object(CakeRequest))
#12 /var/www/Books/lib/Cake/Routing/Dispatcher.php(165): Dispatcher->_invoke(Object(BookController), Object(CakeRequest))
#13 /var/www/Books/app/webroot/index.php(108): Dispatcher->dispatch(Object(CakeRequest), Object(CakeResponse))
#14 /var/www/Books/index.php(41): require('/var/www/Books/...')
#15 {main}
2014-10-01 23:20:14 Error: [PDOException] SQLSTATE[42S22]: Column not found: 1054 Unknown column 'Publisher.book_id' in 'on clause'
Request URL: /Books/
Stack Trace:
#0 /var/www/Books/lib/Cake/Model/Datasource/DboSource.php(458): PDOStatement->execute(Array)
#1 /var/www/Books/lib/Cake/Model/Datasource/DboSource.php(424): DboSource->_execute('SELECT `Book`.`...', Array)
#2 /var/www/Books/lib/Cake/Model/Datasource/DboSource.php(666): DboSource->execute('SELECT `Book`.`...', Array, Array)
#3 /var/www/Books/lib/Cake/Model/Datasource/DboSource.php(1106): DboSource->fetchAll('SELECT `Book`.`...', false)
#4 /var/www/Books/lib/Cake/Model/Model.php(2947): DboSource->read(Object(Book), Array)
#5 /var/www/Books/lib/Cake/Model/Model.php(2919): Model->_readDataSource('all', Array)
#6 /var/www/Books/app/Controller/BookController.php(19): Model->find('all')
#7 [internal function]: BookController->index('home')
#8 /var/www/Books/lib/Cake/Controller/Controller.php(490): ReflectionMethod->invokeArgs(Object(BookController), Array)
#9 /var/www/Books/lib/Cake/Routing/Dispatcher.php(191): Controller->invokeAction(Object(CakeRequest))
#10 /var/www/Books/lib/Cake/Routing/Dispatcher.php(165): Dispatcher->_invoke(Object(BookController), Object(CakeRequest))
#11 /var/www/Books/app/webroot/index.php(108): Dispatcher->dispatch(Object(CakeRequest), Object(CakeResponse))
#12 /var/www/Books/index.php(41): require('/var/www/Books/...')
#13 {main}
2014-10-01 23:20:15 Error: [PDOException] SQLSTATE[42S22]: Column not found: 1054 Unknown column 'Publisher.book_id' in 'on clause'
Request URL: /Books/
Stack Trace:
#0 /var/www/Books/lib/Cake/Model/Datasource/DboSource.php(458): PDOStatement->execute(Array)
#1 /var/www/Books/lib/Cake/Model/Datasource/DboSource.php(424): DboSource->_execute('SELECT `Book`.`...', Array)
#2 /var/www/Books/lib/Cake/Model/Datasource/DboSource.php(666): DboSource->execute('SELECT `Book`.`...', Array, Array)
#3 /var/www/Books/lib/Cake/Model/Datasource/DboSource.php(1106): DboSource->fetchAll('SELECT `Book`.`...', false)
#4 /var/www/Books/lib/Cake/Model/Model.php(2947): DboSource->read(Object(Book), Array)
#5 /var/www/Books/lib/Cake/Model/Model.php(2919): Model->_readDataSource('all', Array)
#6 /var/www/Books/app/Controller/BookController.php(19): Model->find('all')
#7 [internal function]: BookController->index('home')
#8 /var/www/Books/lib/Cake/Controller/Controller.php(490): ReflectionMethod->invokeArgs(Object(BookController), Array)
#9 /var/www/Books/lib/Cake/Routing/Dispatcher.php(191): Controller->invokeAction(Object(CakeRequest))
#10 /var/www/Books/lib/Cake/Routing/Dispatcher.php(165): Dispatcher->_invoke(Object(BookController), Object(CakeRequest))
#11 /var/www/Books/app/webroot/index.php(108): Dispatcher->dispatch(Object(CakeRequest), Object(CakeResponse))
#12 /var/www/Books/index.php(41): require('/var/www/Books/...')
#13 {main}
2014-10-01 23:20:15 Error: [PDOException] SQLSTATE[42S22]: Column not found: 1054 Unknown column 'Publisher.book_id' in 'on clause'
Request URL: /Books/
Stack Trace:
#0 /var/www/Books/lib/Cake/Model/Datasource/DboSource.php(458): PDOStatement->execute(Array)
#1 /var/www/Books/lib/Cake/Model/Datasource/DboSource.php(424): DboSource->_execute('SELECT `Book`.`...', Array)
#2 /var/www/Books/lib/Cake/Model/Datasource/DboSource.php(666): DboSource->execute('SELECT `Book`.`...', Array, Array)
#3 /var/www/Books/lib/Cake/Model/Datasource/DboSource.php(1106): DboSource->fetchAll('SELECT `Book`.`...', false)
#4 /var/www/Books/lib/Cake/Model/Model.php(2947): DboSource->read(Object(Book), Array)
#5 /var/www/Books/lib/Cake/Model/Model.php(2919): Model->_readDataSource('all', Array)
#6 /var/www/Books/app/Controller/BookController.php(19): Model->find('all')
#7 [internal function]: BookController->index('home')
#8 /var/www/Books/lib/Cake/Controller/Controller.php(490): ReflectionMethod->invokeArgs(Object(BookController), Array)
#9 /var/www/Books/lib/Cake/Routing/Dispatcher.php(191): Controller->invokeAction(Object(CakeRequest))
#10 /var/www/Books/lib/Cake/Routing/Dispatcher.php(165): Dispatcher->_invoke(Object(BookController), Object(CakeRequest))
#11 /var/www/Books/app/webroot/index.php(108): Dispatcher->dispatch(Object(CakeRequest), Object(CakeResponse))
#12 /var/www/Books/index.php(41): require('/var/www/Books/...')
#13 {main}
2014-10-01 23:23:29 Error: [PDOException] SQLSTATE[42S22]: Column not found: 1054 Unknown column 'Publisher.book_id' in 'on clause'
Request URL: /Books/
Stack Trace:
#0 /var/www/Books/lib/Cake/Model/Datasource/DboSource.php(458): PDOStatement->execute(Array)
#1 /var/www/Books/lib/Cake/Model/Datasource/DboSource.php(424): DboSource->_execute('SELECT `Book`.`...', Array)
#2 /var/www/Books/lib/Cake/Model/Datasource/DboSource.php(666): DboSource->execute('SELECT `Book`.`...', Array, Array)
#3 /var/www/Books/lib/Cake/Model/Datasource/DboSource.php(1106): DboSource->fetchAll('SELECT `Book`.`...', false)
#4 /var/www/Books/lib/Cake/Model/Model.php(2947): DboSource->read(Object(Book), Array)
#5 /var/www/Books/lib/Cake/Model/Model.php(2919): Model->_readDataSource('all', Array)
#6 /var/www/Books/app/Controller/BookController.php(19): Model->find('all')
#7 [internal function]: BookController->index('home')
#8 /var/www/Books/lib/Cake/Controller/Controller.php(490): ReflectionMethod->invokeArgs(Object(BookController), Array)
#9 /var/www/Books/lib/Cake/Routing/Dispatcher.php(191): Controller->invokeAction(Object(CakeRequest))
#10 /var/www/Books/lib/Cake/Routing/Dispatcher.php(165): Dispatcher->_invoke(Object(BookController), Object(CakeRequest))
#11 /var/www/Books/app/webroot/index.php(108): Dispatcher->dispatch(Object(CakeRequest), Object(CakeResponse))
#12 /var/www/Books/index.php(41): require('/var/www/Books/...')
#13 {main}
2014-10-01 23:23:29 Error: [PDOException] SQLSTATE[42S22]: Column not found: 1054 Unknown column 'Publisher.book_id' in 'on clause'
Request URL: /Books/
Stack Trace:
#0 /var/www/Books/lib/Cake/Model/Datasource/DboSource.php(458): PDOStatement->execute(Array)
#1 /var/www/Books/lib/Cake/Model/Datasource/DboSource.php(424): DboSource->_execute('SELECT `Book`.`...', Array)
#2 /var/www/Books/lib/Cake/Model/Datasource/DboSource.php(666): DboSource->execute('SELECT `Book`.`...', Array, Array)
#3 /var/www/Books/lib/Cake/Model/Datasource/DboSource.php(1106): DboSource->fetchAll('SELECT `Book`.`...', false)
#4 /var/www/Books/lib/Cake/Model/Model.php(2947): DboSource->read(Object(Book), Array)
#5 /var/www/Books/lib/Cake/Model/Model.php(2919): Model->_readDataSource('all', Array)
#6 /var/www/Books/app/Controller/BookController.php(19): Model->find('all')
#7 [internal function]: BookController->index('home')
#8 /var/www/Books/lib/Cake/Controller/Controller.php(490): ReflectionMethod->invokeArgs(Object(BookController), Array)
#9 /var/www/Books/lib/Cake/Routing/Dispatcher.php(191): Controller->invokeAction(Object(CakeRequest))
#10 /var/www/Books/lib/Cake/Routing/Dispatcher.php(165): Dispatcher->_invoke(Object(BookController), Object(CakeRequest))
#11 /var/www/Books/app/webroot/index.php(108): Dispatcher->dispatch(Object(CakeRequest), Object(CakeResponse))
#12 /var/www/Books/index.php(41): require('/var/www/Books/...')
#13 {main}
2014-10-01 23:23:30 Error: [PDOException] SQLSTATE[42S22]: Column not found: 1054 Unknown column 'Publisher.book_id' in 'on clause'
Request URL: /Books/
Stack Trace:
#0 /var/www/Books/lib/Cake/Model/Datasource/DboSource.php(458): PDOStatement->execute(Array)
#1 /var/www/Books/lib/Cake/Model/Datasource/DboSource.php(424): DboSource->_execute('SELECT `Book`.`...', Array)
#2 /var/www/Books/lib/Cake/Model/Datasource/DboSource.php(666): DboSource->execute('SELECT `Book`.`...', Array, Array)
#3 /var/www/Books/lib/Cake/Model/Datasource/DboSource.php(1106): DboSource->fetchAll('SELECT `Book`.`...', false)
#4 /var/www/Books/lib/Cake/Model/Model.php(2947): DboSource->read(Object(Book), Array)
#5 /var/www/Books/lib/Cake/Model/Model.php(2919): Model->_readDataSource('all', Array)
#6 /var/www/Books/app/Controller/BookController.php(19): Model->find('all')
#7 [internal function]: BookController->index('home')
#8 /var/www/Books/lib/Cake/Controller/Controller.php(490): ReflectionMethod->invokeArgs(Object(BookController), Array)
#9 /var/www/Books/lib/Cake/Routing/Dispatcher.php(191): Controller->invokeAction(Object(CakeRequest))
#10 /var/www/Books/lib/Cake/Routing/Dispatcher.php(165): Dispatcher->_invoke(Object(BookController), Object(CakeRequest))
#11 /var/www/Books/app/webroot/index.php(108): Dispatcher->dispatch(Object(CakeRequest), Object(CakeResponse))
#12 /var/www/Books/index.php(41): require('/var/www/Books/...')
#13 {main}
2014-10-01 23:23:30 Error: [PDOException] SQLSTATE[42S22]: Column not found: 1054 Unknown column 'Publisher.book_id' in 'on clause'
Request URL: /Books/
Stack Trace:
#0 /var/www/Books/lib/Cake/Model/Datasource/DboSource.php(458): PDOStatement->execute(Array)
#1 /var/www/Books/lib/Cake/Model/Datasource/DboSource.php(424): DboSource->_execute('SELECT `Book`.`...', Array)
#2 /var/www/Books/lib/Cake/Model/Datasource/DboSource.php(666): DboSource->execute('SELECT `Book`.`...', Array, Array)
#3 /var/www/Books/lib/Cake/Model/Datasource/DboSource.php(1106): DboSource->fetchAll('SELECT `Book`.`...', false)
#4 /var/www/Books/lib/Cake/Model/Model.php(2947): DboSource->read(Object(Book), Array)
#5 /var/www/Books/lib/Cake/Model/Model.php(2919): Model->_readDataSource('all', Array)
#6 /var/www/Books/app/Controller/BookController.php(19): Model->find('all')
#7 [internal function]: BookController->index('home')
#8 /var/www/Books/lib/Cake/Controller/Controller.php(490): ReflectionMethod->invokeArgs(Object(BookController), Array)
#9 /var/www/Books/lib/Cake/Routing/Dispatcher.php(191): Controller->invokeAction(Object(CakeRequest))
#10 /var/www/Books/lib/Cake/Routing/Dispatcher.php(165): Dispatcher->_invoke(Object(BookController), Object(CakeRequest))
#11 /var/www/Books/app/webroot/index.php(108): Dispatcher->dispatch(Object(CakeRequest), Object(CakeResponse))
#12 /var/www/Books/index.php(41): require('/var/www/Books/...')
#13 {main}
2014-10-01 23:23:30 Error: [PDOException] SQLSTATE[42S22]: Column not found: 1054 Unknown column 'Publisher.book_id' in 'on clause'
Request URL: /Books/
Stack Trace:
#0 /var/www/Books/lib/Cake/Model/Datasource/DboSource.php(458): PDOStatement->execute(Array)
#1 /var/www/Books/lib/Cake/Model/Datasource/DboSource.php(424): DboSource->_execute('SELECT `Book`.`...', Array)
#2 /var/www/Books/lib/Cake/Model/Datasource/DboSource.php(666): DboSource->execute('SELECT `Book`.`...', Array, Array)
#3 /var/www/Books/lib/Cake/Model/Datasource/DboSource.php(1106): DboSource->fetchAll('SELECT `Book`.`...', false)
#4 /var/www/Books/lib/Cake/Model/Model.php(2947): DboSource->read(Object(Book), Array)
#5 /var/www/Books/lib/Cake/Model/Model.php(2919): Model->_readDataSource('all', Array)
#6 /var/www/Books/app/Controller/BookController.php(19): Model->find('all')
#7 [internal function]: BookController->index('home')
#8 /var/www/Books/lib/Cake/Controller/Controller.php(490): ReflectionMethod->invokeArgs(Object(BookController), Array)
#9 /var/www/Books/lib/Cake/Routing/Dispatcher.php(191): Controller->invokeAction(Object(CakeRequest))
#10 /var/www/Books/lib/Cake/Routing/Dispatcher.php(165): Dispatcher->_invoke(Object(BookController), Object(CakeRequest))
#11 /var/www/Books/app/webroot/index.php(108): Dispatcher->dispatch(Object(CakeRequest), Object(CakeResponse))
#12 /var/www/Books/index.php(41): require('/var/www/Books/...')
#13 {main}
2014-10-01 23:23:31 Error: [PDOException] SQLSTATE[42S22]: Column not found: 1054 Unknown column 'Publisher.book_id' in 'on clause'
Request URL: /Books/
Stack Trace:
#0 /var/www/Books/lib/Cake/Model/Datasource/DboSource.php(458): PDOStatement->execute(Array)
#1 /var/www/Books/lib/Cake/Model/Datasource/DboSource.php(424): DboSource->_execute('SELECT `Book`.`...', Array)
#2 /var/www/Books/lib/Cake/Model/Datasource/DboSource.php(666): DboSource->execute('SELECT `Book`.`...', Array, Array)
#3 /var/www/Books/lib/Cake/Model/Datasource/DboSource.php(1106): DboSource->fetchAll('SELECT `Book`.`...', false)
#4 /var/www/Books/lib/Cake/Model/Model.php(2947): DboSource->read(Object(Book), Array)
#5 /var/www/Books/lib/Cake/Model/Model.php(2919): Model->_readDataSource('all', Array)
#6 /var/www/Books/app/Controller/BookController.php(19): Model->find('all')
#7 [internal function]: BookController->index('home')
#8 /var/www/Books/lib/Cake/Controller/Controller.php(490): ReflectionMethod->invokeArgs(Object(BookController), Array)
#9 /var/www/Books/lib/Cake/Routing/Dispatcher.php(191): Controller->invokeAction(Object(CakeRequest))
#10 /var/www/Books/lib/Cake/Routing/Dispatcher.php(165): Dispatcher->_invoke(Object(BookController), Object(CakeRequest))
#11 /var/www/Books/app/webroot/index.php(108): Dispatcher->dispatch(Object(CakeRequest), Object(CakeResponse))
#12 /var/www/Books/index.php(41): require('/var/www/Books/...')
#13 {main}
2014-10-01 23:23:31 Error: [PDOException] SQLSTATE[42S22]: Column not found: 1054 Unknown column 'Publisher.book_id' in 'on clause'
Request URL: /Books/
Stack Trace:
#0 /var/www/Books/lib/Cake/Model/Datasource/DboSource.php(458): PDOStatement->execute(Array)
#1 /var/www/Books/lib/Cake/Model/Datasource/DboSource.php(424): DboSource->_execute('SELECT `Book`.`...', Array)
#2 /var/www/Books/lib/Cake/Model/Datasource/DboSource.php(666): DboSource->execute('SELECT `Book`.`...', Array, Array)
#3 /var/www/Books/lib/Cake/Model/Datasource/DboSource.php(1106): DboSource->fetchAll('SELECT `Book`.`...', false)
#4 /var/www/Books/lib/Cake/Model/Model.php(2947): DboSource->read(Object(Book), Array)
#5 /var/www/Books/lib/Cake/Model/Model.php(2919): Model->_readDataSource('all', Array)
#6 /var/www/Books/app/Controller/BookController.php(19): Model->find('all')
#7 [internal function]: BookController->index('home')
#8 /var/www/Books/lib/Cake/Controller/Controller.php(490): ReflectionMethod->invokeArgs(Object(BookController), Array)
#9 /var/www/Books/lib/Cake/Routing/Dispatcher.php(191): Controller->invokeAction(Object(CakeRequest))
#10 /var/www/Books/lib/Cake/Routing/Dispatcher.php(165): Dispatcher->_invoke(Object(BookController), Object(CakeRequest))
#11 /var/www/Books/app/webroot/index.php(108): Dispatcher->dispatch(Object(CakeRequest), Object(CakeResponse))
#12 /var/www/Books/index.php(41): require('/var/www/Books/...')
#13 {main}
2014-10-01 23:24:06 Error: [PDOException] SQLSTATE[42S22]: Column not found: 1054 Unknown column 'Publisher.book_id' in 'field list'
Request URL: /Books/
Stack Trace:
#0 /var/www/Books/lib/Cake/Model/Datasource/DboSource.php(458): PDOStatement->execute(Array)
#1 /var/www/Books/lib/Cake/Model/Datasource/DboSource.php(424): DboSource->_execute('SELECT `Publish...', Array)
#2 /var/www/Books/lib/Cake/Model/Datasource/DboSource.php(666): DboSource->execute('SELECT `Publish...', Array, Array)
#3 /var/www/Books/lib/Cake/Model/Datasource/DboSource.php(1418): DboSource->fetchAll('SELECT `Publish...', false)
#4 /var/www/Books/lib/Cake/Model/Datasource/DboSource.php(1254): DboSource->_fetchHasMany(Object(Book), 'SELECT `Publish...', Array)
#5 /var/www/Books/lib/Cake/Model/Datasource/DboSource.php(1137): DboSource->queryAssociation(Object(Book), Object(Publisher), 'hasMany', 'Publisher', Array, Array, true, Array, 0, Array)
#6 /var/www/Books/lib/Cake/Model/Model.php(2947): DboSource->read(Object(Book), Array)
#7 /var/www/Books/lib/Cake/Model/Model.php(2919): Model->_readDataSource('all', Array)
#8 /var/www/Books/app/Controller/BookController.php(19): Model->find('all')
#9 [internal function]: BookController->index('home')
#10 /var/www/Books/lib/Cake/Controller/Controller.php(490): ReflectionMethod->invokeArgs(Object(BookController), Array)
#11 /var/www/Books/lib/Cake/Routing/Dispatcher.php(191): Controller->invokeAction(Object(CakeRequest))
#12 /var/www/Books/lib/Cake/Routing/Dispatcher.php(165): Dispatcher->_invoke(Object(BookController), Object(CakeRequest))
#13 /var/www/Books/app/webroot/index.php(108): Dispatcher->dispatch(Object(CakeRequest), Object(CakeResponse))
#14 /var/www/Books/index.php(41): require('/var/www/Books/...')
#15 {main}
2014-10-01 23:24:07 Error: [PDOException] SQLSTATE[42S22]: Column not found: 1054 Unknown column 'Publisher.book_id' in 'field list'
Request URL: /Books/
Stack Trace:
#0 /var/www/Books/lib/Cake/Model/Datasource/DboSource.php(458): PDOStatement->execute(Array)
#1 /var/www/Books/lib/Cake/Model/Datasource/DboSource.php(424): DboSource->_execute('SELECT `Publish...', Array)
#2 /var/www/Books/lib/Cake/Model/Datasource/DboSource.php(666): DboSource->execute('SELECT `Publish...', Array, Array)
#3 /var/www/Books/lib/Cake/Model/Datasource/DboSource.php(1418): DboSource->fetchAll('SELECT `Publish...', false)
#4 /var/www/Books/lib/Cake/Model/Datasource/DboSource.php(1254): DboSource->_fetchHasMany(Object(Book), 'SELECT `Publish...', Array)
#5 /var/www/Books/lib/Cake/Model/Datasource/DboSource.php(1137): DboSource->queryAssociation(Object(Book), Object(Publisher), 'hasMany', 'Publisher', Array, Array, true, Array, 0, Array)
#6 /var/www/Books/lib/Cake/Model/Model.php(2947): DboSource->read(Object(Book), Array)
#7 /var/www/Books/lib/Cake/Model/Model.php(2919): Model->_readDataSource('all', Array)
#8 /var/www/Books/app/Controller/BookController.php(19): Model->find('all')
#9 [internal function]: BookController->index('home')
#10 /var/www/Books/lib/Cake/Controller/Controller.php(490): ReflectionMethod->invokeArgs(Object(BookController), Array)
#11 /var/www/Books/lib/Cake/Routing/Dispatcher.php(191): Controller->invokeAction(Object(CakeRequest))
#12 /var/www/Books/lib/Cake/Routing/Dispatcher.php(165): Dispatcher->_invoke(Object(BookController), Object(CakeRequest))
#13 /var/www/Books/app/webroot/index.php(108): Dispatcher->dispatch(Object(CakeRequest), Object(CakeResponse))
#14 /var/www/Books/index.php(41): require('/var/www/Books/...')
#15 {main}
2014-10-01 23:24:08 Error: [PDOException] SQLSTATE[42S22]: Column not found: 1054 Unknown column 'Publisher.book_id' in 'field list'
Request URL: /Books/
Stack Trace:
#0 /var/www/Books/lib/Cake/Model/Datasource/DboSource.php(458): PDOStatement->execute(Array)
#1 /var/www/Books/lib/Cake/Model/Datasource/DboSource.php(424): DboSource->_execute('SELECT `Publish...', Array)
#2 /var/www/Books/lib/Cake/Model/Datasource/DboSource.php(666): DboSource->execute('SELECT `Publish...', Array, Array)
#3 /var/www/Books/lib/Cake/Model/Datasource/DboSource.php(1418): DboSource->fetchAll('SELECT `Publish...', false)
#4 /var/www/Books/lib/Cake/Model/Datasource/DboSource.php(1254): DboSource->_fetchHasMany(Object(Book), 'SELECT `Publish...', Array)
#5 /var/www/Books/lib/Cake/Model/Datasource/DboSource.php(1137): DboSource->queryAssociation(Object(Book), Object(Publisher), 'hasMany', 'Publisher', Array, Array, true, Array, 0, Array)
#6 /var/www/Books/lib/Cake/Model/Model.php(2947): DboSource->read(Object(Book), Array)
#7 /var/www/Books/lib/Cake/Model/Model.php(2919): Model->_readDataSource('all', Array)
#8 /var/www/Books/app/Controller/BookController.php(19): Model->find('all')
#9 [internal function]: BookController->index('home')
#10 /var/www/Books/lib/Cake/Controller/Controller.php(490): ReflectionMethod->invokeArgs(Object(BookController), Array)
#11 /var/www/Books/lib/Cake/Routing/Dispatcher.php(191): Controller->invokeAction(Object(CakeRequest))
#12 /var/www/Books/lib/Cake/Routing/Dispatcher.php(165): Dispatcher->_invoke(Object(BookController), Object(CakeRequest))
#13 /var/www/Books/app/webroot/index.php(108): Dispatcher->dispatch(Object(CakeRequest), Object(CakeResponse))
#14 /var/www/Books/index.php(41): require('/var/www/Books/...')
#15 {main}
2014-10-01 23:24:08 Error: [PDOException] SQLSTATE[42S22]: Column not found: 1054 Unknown column 'Publisher.book_id' in 'field list'
Request URL: /Books/
Stack Trace:
#0 /var/www/Books/lib/Cake/Model/Datasource/DboSource.php(458): PDOStatement->execute(Array)
#1 /var/www/Books/lib/Cake/Model/Datasource/DboSource.php(424): DboSource->_execute('SELECT `Publish...', Array)
#2 /var/www/Books/lib/Cake/Model/Datasource/DboSource.php(666): DboSource->execute('SELECT `Publish...', Array, Array)
#3 /var/www/Books/lib/Cake/Model/Datasource/DboSource.php(1418): DboSource->fetchAll('SELECT `Publish...', false)
#4 /var/www/Books/lib/Cake/Model/Datasource/DboSource.php(1254): DboSource->_fetchHasMany(Object(Book), 'SELECT `Publish...', Array)
#5 /var/www/Books/lib/Cake/Model/Datasource/DboSource.php(1137): DboSource->queryAssociation(Object(Book), Object(Publisher), 'hasMany', 'Publisher', Array, Array, true, Array, 0, Array)
#6 /var/www/Books/lib/Cake/Model/Model.php(2947): DboSource->read(Object(Book), Array)
#7 /var/www/Books/lib/Cake/Model/Model.php(2919): Model->_readDataSource('all', Array)
#8 /var/www/Books/app/Controller/BookController.php(19): Model->find('all')
#9 [internal function]: BookController->index('home')
#10 /var/www/Books/lib/Cake/Controller/Controller.php(490): ReflectionMethod->invokeArgs(Object(BookController), Array)
#11 /var/www/Books/lib/Cake/Routing/Dispatcher.php(191): Controller->invokeAction(Object(CakeRequest))
#12 /var/www/Books/lib/Cake/Routing/Dispatcher.php(165): Dispatcher->_invoke(Object(BookController), Object(CakeRequest))
#13 /var/www/Books/app/webroot/index.php(108): Dispatcher->dispatch(Object(CakeRequest), Object(CakeResponse))
#14 /var/www/Books/index.php(41): require('/var/www/Books/...')
#15 {main}
2014-10-01 23:24:09 Error: [PDOException] SQLSTATE[42S22]: Column not found: 1054 Unknown column 'Publisher.book_id' in 'field list'
Request URL: /Books/
Stack Trace:
#0 /var/www/Books/lib/Cake/Model/Datasource/DboSource.php(458): PDOStatement->execute(Array)
#1 /var/www/Books/lib/Cake/Model/Datasource/DboSource.php(424): DboSource->_execute('SELECT `Publish...', Array)
#2 /var/www/Books/lib/Cake/Model/Datasource/DboSource.php(666): DboSource->execute('SELECT `Publish...', Array, Array)
#3 /var/www/Books/lib/Cake/Model/Datasource/DboSource.php(1418): DboSource->fetchAll('SELECT `Publish...', false)
#4 /var/www/Books/lib/Cake/Model/Datasource/DboSource.php(1254): DboSource->_fetchHasMany(Object(Book), 'SELECT `Publish...', Array)
#5 /var/www/Books/lib/Cake/Model/Datasource/DboSource.php(1137): DboSource->queryAssociation(Object(Book), Object(Publisher), 'hasMany', 'Publisher', Array, Array, true, Array, 0, Array)
#6 /var/www/Books/lib/Cake/Model/Model.php(2947): DboSource->read(Object(Book), Array)
#7 /var/www/Books/lib/Cake/Model/Model.php(2919): Model->_readDataSource('all', Array)
#8 /var/www/Books/app/Controller/BookController.php(19): Model->find('all')
#9 [internal function]: BookController->index('home')
#10 /var/www/Books/lib/Cake/Controller/Controller.php(490): ReflectionMethod->invokeArgs(Object(BookController), Array)
#11 /var/www/Books/lib/Cake/Routing/Dispatcher.php(191): Controller->invokeAction(Object(CakeRequest))
#12 /var/www/Books/lib/Cake/Routing/Dispatcher.php(165): Dispatcher->_invoke(Object(BookController), Object(CakeRequest))
#13 /var/www/Books/app/webroot/index.php(108): Dispatcher->dispatch(Object(CakeRequest), Object(CakeResponse))
#14 /var/www/Books/index.php(41): require('/var/www/Books/...')
#15 {main}
2014-10-01 23:24:09 Error: [PDOException] SQLSTATE[42S22]: Column not found: 1054 Unknown column 'Publisher.book_id' in 'field list'
Request URL: /Books/
Stack Trace:
#0 /var/www/Books/lib/Cake/Model/Datasource/DboSource.php(458): PDOStatement->execute(Array)
#1 /var/www/Books/lib/Cake/Model/Datasource/DboSource.php(424): DboSource->_execute('SELECT `Publish...', Array)
#2 /var/www/Books/lib/Cake/Model/Datasource/DboSource.php(666): DboSource->execute('SELECT `Publish...', Array, Array)
#3 /var/www/Books/lib/Cake/Model/Datasource/DboSource.php(1418): DboSource->fetchAll('SELECT `Publish...', false)
#4 /var/www/Books/lib/Cake/Model/Datasource/DboSource.php(1254): DboSource->_fetchHasMany(Object(Book), 'SELECT `Publish...', Array)
#5 /var/www/Books/lib/Cake/Model/Datasource/DboSource.php(1137): DboSource->queryAssociation(Object(Book), Object(Publisher), 'hasMany', 'Publisher', Array, Array, true, Array, 0, Array)
#6 /var/www/Books/lib/Cake/Model/Model.php(2947): DboSource->read(Object(Book), Array)
#7 /var/www/Books/lib/Cake/Model/Model.php(2919): Model->_readDataSource('all', Array)
#8 /var/www/Books/app/Controller/BookController.php(19): Model->find('all')
#9 [internal function]: BookController->index('home')
#10 /var/www/Books/lib/Cake/Controller/Controller.php(490): ReflectionMethod->invokeArgs(Object(BookController), Array)
#11 /var/www/Books/lib/Cake/Routing/Dispatcher.php(191): Controller->invokeAction(Object(CakeRequest))
#12 /var/www/Books/lib/Cake/Routing/Dispatcher.php(165): Dispatcher->_invoke(Object(BookController), Object(CakeRequest))
#13 /var/www/Books/app/webroot/index.php(108): Dispatcher->dispatch(Object(CakeRequest), Object(CakeResponse))
#14 /var/www/Books/index.php(41): require('/var/www/Books/...')
#15 {main}
2014-10-01 23:24:09 Error: [PDOException] SQLSTATE[42S22]: Column not found: 1054 Unknown column 'Publisher.book_id' in 'field list'
Request URL: /Books/
Stack Trace:
#0 /var/www/Books/lib/Cake/Model/Datasource/DboSource.php(458): PDOStatement->execute(Array)
#1 /var/www/Books/lib/Cake/Model/Datasource/DboSource.php(424): DboSource->_execute('SELECT `Publish...', Array)
#2 /var/www/Books/lib/Cake/Model/Datasource/DboSource.php(666): DboSource->execute('SELECT `Publish...', Array, Array)
#3 /var/www/Books/lib/Cake/Model/Datasource/DboSource.php(1418): DboSource->fetchAll('SELECT `Publish...', false)
#4 /var/www/Books/lib/Cake/Model/Datasource/DboSource.php(1254): DboSource->_fetchHasMany(Object(Book), 'SELECT `Publish...', Array)
#5 /var/www/Books/lib/Cake/Model/Datasource/DboSource.php(1137): DboSource->queryAssociation(Object(Book), Object(Publisher), 'hasMany', 'Publisher', Array, Array, true, Array, 0, Array)
#6 /var/www/Books/lib/Cake/Model/Model.php(2947): DboSource->read(Object(Book), Array)
#7 /var/www/Books/lib/Cake/Model/Model.php(2919): Model->_readDataSource('all', Array)
#8 /var/www/Books/app/Controller/BookController.php(19): Model->find('all')
#9 [internal function]: BookController->index('home')
#10 /var/www/Books/lib/Cake/Controller/Controller.php(490): ReflectionMethod->invokeArgs(Object(BookController), Array)
#11 /var/www/Books/lib/Cake/Routing/Dispatcher.php(191): Controller->invokeAction(Object(CakeRequest))
#12 /var/www/Books/lib/Cake/Routing/Dispatcher.php(165): Dispatcher->_invoke(Object(BookController), Object(CakeRequest))
#13 /var/www/Books/app/webroot/index.php(108): Dispatcher->dispatch(Object(CakeRequest), Object(CakeResponse))
#14 /var/www/Books/index.php(41): require('/var/www/Books/...')
#15 {main}
2014-10-02 00:06:12 Error: Fatal Error (1): Call to a member function find() on a non-object in [/var/www/Books/app/Controller/BookController.php, line 22]
2014-10-02 00:06:12 Error: [FatalErrorException] Call to a member function find() on a non-object
Request URL: /Books/
Stack Trace:
#0 /var/www/Books/lib/Cake/Error/ErrorHandler.php(203): ErrorHandler::handleFatalError(1, 'Call to a membe...', '/var/www/Books/...', 22)
#1 [internal function]: ErrorHandler::handleError(1, 'Call to a membe...', '/var/www/Books/...', 22, Array)
#2 /var/www/Books/lib/Cake/Core/App.php(931): call_user_func('ErrorHandler::h...', 1, 'Call to a membe...', '/var/www/Books/...', 22, Array)
#3 /var/www/Books/lib/Cake/Core/App.php(904): App::_checkFatalError()
#4 [internal function]: App::shutdown()
#5 {main}
2014-10-02 00:06:13 Error: Fatal Error (1): Call to a member function find() on a non-object in [/var/www/Books/app/Controller/BookController.php, line 22]
2014-10-02 00:06:13 Error: [FatalErrorException] Call to a member function find() on a non-object
Request URL: /Books/
Stack Trace:
#0 /var/www/Books/lib/Cake/Error/ErrorHandler.php(203): ErrorHandler::handleFatalError(1, 'Call to a membe...', '/var/www/Books/...', 22)
#1 [internal function]: ErrorHandler::handleError(1, 'Call to a membe...', '/var/www/Books/...', 22, Array)
#2 /var/www/Books/lib/Cake/Core/App.php(931): call_user_func('ErrorHandler::h...', 1, 'Call to a membe...', '/var/www/Books/...', 22, Array)
#3 /var/www/Books/lib/Cake/Core/App.php(904): App::_checkFatalError()
#4 [internal function]: App::shutdown()
#5 {main}
2014-10-02 00:07:43 Error: Fatal Error (1): Call to a member function find() on a non-object in [/var/www/Books/app/Controller/BookController.php, line 22]
2014-10-02 00:07:43 Error: [FatalErrorException] Call to a member function find() on a non-object
Request URL: /Books/
Stack Trace:
#0 /var/www/Books/lib/Cake/Error/ErrorHandler.php(203): ErrorHandler::handleFatalError(1, 'Call to a membe...', '/var/www/Books/...', 22)
#1 [internal function]: ErrorHandler::handleError(1, 'Call to a membe...', '/var/www/Books/...', 22, Array)
#2 /var/www/Books/lib/Cake/Core/App.php(931): call_user_func('ErrorHandler::h...', 1, 'Call to a membe...', '/var/www/Books/...', 22, Array)
#3 /var/www/Books/lib/Cake/Core/App.php(904): App::_checkFatalError()
#4 [internal function]: App::shutdown()
#5 {main}
2014-10-02 00:08:10 Error: Fatal Error (1): Call to a member function find() on a non-object in [/var/www/Books/app/Controller/BookController.php, line 22]
2014-10-02 00:08:10 Error: [FatalErrorException] Call to a member function find() on a non-object
Request URL: /Books/
Stack Trace:
#0 /var/www/Books/lib/Cake/Error/ErrorHandler.php(203): ErrorHandler::handleFatalError(1, 'Call to a membe...', '/var/www/Books/...', 22)
#1 [internal function]: ErrorHandler::handleError(1, 'Call to a membe...', '/var/www/Books/...', 22, Array)
#2 /var/www/Books/lib/Cake/Core/App.php(931): call_user_func('ErrorHandler::h...', 1, 'Call to a membe...', '/var/www/Books/...', 22, Array)
#3 /var/www/Books/lib/Cake/Core/App.php(904): App::_checkFatalError()
#4 [internal function]: App::shutdown()
#5 {main}
2014-10-02 00:08:11 Error: Fatal Error (1): Call to a member function find() on a non-object in [/var/www/Books/app/Controller/BookController.php, line 22]
2014-10-02 00:08:11 Error: [FatalErrorException] Call to a member function find() on a non-object
Request URL: /Books/
Stack Trace:
#0 /var/www/Books/lib/Cake/Error/ErrorHandler.php(203): ErrorHandler::handleFatalError(1, 'Call to a membe...', '/var/www/Books/...', 22)
#1 [internal function]: ErrorHandler::handleError(1, 'Call to a membe...', '/var/www/Books/...', 22, Array)
#2 /var/www/Books/lib/Cake/Core/App.php(931): call_user_func('ErrorHandler::h...', 1, 'Call to a membe...', '/var/www/Books/...', 22, Array)
#3 /var/www/Books/lib/Cake/Core/App.php(904): App::_checkFatalError()
#4 [internal function]: App::shutdown()
#5 {main}
2014-10-02 00:08:23 Error: Fatal Error (1): Call to a member function find() on a non-object in [/var/www/Books/app/Controller/BookController.php, line 22]
2014-10-02 00:08:23 Error: [FatalErrorException] Call to a member function find() on a non-object
Request URL: /Books/
Stack Trace:
#0 /var/www/Books/lib/Cake/Error/ErrorHandler.php(203): ErrorHandler::handleFatalError(1, 'Call to a membe...', '/var/www/Books/...', 22)
#1 [internal function]: ErrorHandler::handleError(1, 'Call to a membe...', '/var/www/Books/...', 22, Array)
#2 /var/www/Books/lib/Cake/Core/App.php(931): call_user_func('ErrorHandler::h...', 1, 'Call to a membe...', '/var/www/Books/...', 22, Array)
#3 /var/www/Books/lib/Cake/Core/App.php(904): App::_checkFatalError()
#4 [internal function]: App::shutdown()
#5 {main}
2014-10-02 00:08:23 Error: Fatal Error (1): Call to a member function find() on a non-object in [/var/www/Books/app/Controller/BookController.php, line 22]
2014-10-02 00:08:23 Error: [FatalErrorException] Call to a member function find() on a non-object
Request URL: /Books/
Stack Trace:
#0 /var/www/Books/lib/Cake/Error/ErrorHandler.php(203): ErrorHandler::handleFatalError(1, 'Call to a membe...', '/var/www/Books/...', 22)
#1 [internal function]: ErrorHandler::handleError(1, 'Call to a membe...', '/var/www/Books/...', 22, Array)
#2 /var/www/Books/lib/Cake/Core/App.php(931): call_user_func('ErrorHandler::h...', 1, 'Call to a membe...', '/var/www/Books/...', 22, Array)
#3 /var/www/Books/lib/Cake/Core/App.php(904): App::_checkFatalError()
#4 [internal function]: App::shutdown()
#5 {main}
2014-10-02 00:08:32 Error: Fatal Error (1): Call to a member function find() on a non-object in [/var/www/Books/app/Controller/BookController.php, line 22]
2014-10-02 00:08:32 Error: [FatalErrorException] Call to a member function find() on a non-object
Request URL: /Books/
Stack Trace:
#0 /var/www/Books/lib/Cake/Error/ErrorHandler.php(203): ErrorHandler::handleFatalError(1, 'Call to a membe...', '/var/www/Books/...', 22)
#1 [internal function]: ErrorHandler::handleError(1, 'Call to a membe...', '/var/www/Books/...', 22, Array)
#2 /var/www/Books/lib/Cake/Core/App.php(931): call_user_func('ErrorHandler::h...', 1, 'Call to a membe...', '/var/www/Books/...', 22, Array)
#3 /var/www/Books/lib/Cake/Core/App.php(904): App::_checkFatalError()
#4 [internal function]: App::shutdown()
#5 {main}
2014-10-02 00:08:33 Error: Fatal Error (1): Call to a member function find() on a non-object in [/var/www/Books/app/Controller/BookController.php, line 22]
2014-10-02 00:08:33 Error: [FatalErrorException] Call to a member function find() on a non-object
Request URL: /Books/
Stack Trace:
#0 /var/www/Books/lib/Cake/Error/ErrorHandler.php(203): ErrorHandler::handleFatalError(1, 'Call to a membe...', '/var/www/Books/...', 22)
#1 [internal function]: ErrorHandler::handleError(1, 'Call to a membe...', '/var/www/Books/...', 22, Array)
#2 /var/www/Books/lib/Cake/Core/App.php(931): call_user_func('ErrorHandler::h...', 1, 'Call to a membe...', '/var/www/Books/...', 22, Array)
#3 /var/www/Books/lib/Cake/Core/App.php(904): App::_checkFatalError()
#4 [internal function]: App::shutdown()
#5 {main}
2014-10-02 00:08:33 Error: Fatal Error (1): Call to a member function find() on a non-object in [/var/www/Books/app/Controller/BookController.php, line 22]
2014-10-02 00:08:33 Error: [FatalErrorException] Call to a member function find() on a non-object
Request URL: /Books/
Stack Trace:
#0 /var/www/Books/lib/Cake/Error/ErrorHandler.php(203): ErrorHandler::handleFatalError(1, 'Call to a membe...', '/var/www/Books/...', 22)
#1 [internal function]: ErrorHandler::handleError(1, 'Call to a membe...', '/var/www/Books/...', 22, Array)
#2 /var/www/Books/lib/Cake/Core/App.php(931): call_user_func('ErrorHandler::h...', 1, 'Call to a membe...', '/var/www/Books/...', 22, Array)
#3 /var/www/Books/lib/Cake/Core/App.php(904): App::_checkFatalError()
#4 [internal function]: App::shutdown()
#5 {main}
2014-10-02 00:08:33 Error: Fatal Error (1): Call to a member function find() on a non-object in [/var/www/Books/app/Controller/BookController.php, line 22]
2014-10-02 00:08:33 Error: [FatalErrorException] Call to a member function find() on a non-object
Request URL: /Books/
Stack Trace:
#0 /var/www/Books/lib/Cake/Error/ErrorHandler.php(203): ErrorHandler::handleFatalError(1, 'Call to a membe...', '/var/www/Books/...', 22)
#1 [internal function]: ErrorHandler::handleError(1, 'Call to a membe...', '/var/www/Books/...', 22, Array)
#2 /var/www/Books/lib/Cake/Core/App.php(931): call_user_func('ErrorHandler::h...', 1, 'Call to a membe...', '/var/www/Books/...', 22, Array)
#3 /var/www/Books/lib/Cake/Core/App.php(904): App::_checkFatalError()
#4 [internal function]: App::shutdown()
#5 {main}
2014-10-02 00:08:34 Error: Fatal Error (1): Call to a member function find() on a non-object in [/var/www/Books/app/Controller/BookController.php, line 22]
2014-10-02 00:08:34 Error: [FatalErrorException] Call to a member function find() on a non-object
Request URL: /Books/
Stack Trace:
#0 /var/www/Books/lib/Cake/Error/ErrorHandler.php(203): ErrorHandler::handleFatalError(1, 'Call to a membe...', '/var/www/Books/...', 22)
#1 [internal function]: ErrorHandler::handleError(1, 'Call to a membe...', '/var/www/Books/...', 22, Array)
#2 /var/www/Books/lib/Cake/Core/App.php(931): call_user_func('ErrorHandler::h...', 1, 'Call to a membe...', '/var/www/Books/...', 22, Array)
#3 /var/www/Books/lib/Cake/Core/App.php(904): App::_checkFatalError()
#4 [internal function]: App::shutdown()
#5 {main}
